<?xml version="1.0" encoding="UTF-8"?>
<testsuites name="jest tests" tests="4" failures="0" time="0.493">
  <testsuite name="Zmienna myNumber" errors="0" failures="0" skipped="0" timestamp="2021-04-12T20:47:06" time="0.473" tests="4">
    <testcase classname="Zmienna myNumber powinna być obiektem" name="Zmienna myNumber powinna być obiektem" time="0">
    </testcase>
    <testcase classname="Zmienna myNumber powinna być liczbą typu Integer" name="Zmienna myNumber powinna być liczbą typu Integer" time="0.001">
    </testcase>
    <testcase classname="Zmienna myNumber nie powinna zawierać wartości NaN" name="Zmienna myNumber nie powinna zawierać wartości NaN" time="0">
    </testcase>
    <testcase classname="Zmienna myNumber powinna być instancją konstruktora Number" name="Zmienna myNumber powinna być instancją konstruktora Number" time="0">
    </testcase>
  </testsuite>
</testsuites>